2024-05-28 23:25:24 INFO  c.r.alya.RemigesAlyaApplication - Starting RemigesAlyaApplication using Java 17.0.6 with PID 5240 (C:\Users\Merceadm\Desktop\Remiges Workspace\alya-java\BatchAndSlowQueriesProcessing\target\classes started by Merceadm in C:\Users\Merceadm\Desktop\Remiges Workspace\alya-java\BatchAndSlowQueriesProcessing)
2024-05-28 23:25:24 DEBUG c.r.alya.RemigesAlyaApplication - Running with Spring Boot v3.2.5, Spring v6.1.6
2024-05-28 23:25:24 INFO  c.r.alya.RemigesAlyaApplication - No active profile set, falling back to 1 default profile: "default"
2024-05-28 23:25:24 INFO  o.s.b.d.e.DevToolsPropertyDefaultsPostProcessor - Devtools property defaults active! Set 'spring.devtools.add-properties' to 'false' to disable
2024-05-28 23:25:24 INFO  o.s.b.d.e.DevToolsPropertyDefaultsPostProcessor - For additional web related logging consider setting the 'logging.level.web' property to 'DEBUG'
2024-05-28 23:25:25 INFO  o.s.d.r.c.RepositoryConfigurationDelegate - Bootstrapping Spring Data JPA repositories in DEFAULT mode.
2024-05-28 23:25:25 INFO  o.s.d.r.c.RepositoryConfigurationDelegate - Finished Spring Data repository scanning in 72 ms. Found 2 JPA repository interfaces.
2024-05-28 23:25:26 INFO  o.s.b.w.e.tomcat.TomcatWebServer - Tomcat initialized with port 8080 (http)
2024-05-28 23:25:26 INFO  o.a.coyote.http11.Http11NioProtocol - Initializing ProtocolHandler ["http-nio-8080"]
2024-05-28 23:25:26 INFO  o.a.catalina.core.StandardService - Starting service [Tomcat]
2024-05-28 23:25:26 INFO  o.a.catalina.core.StandardEngine - Starting Servlet engine: [Apache Tomcat/10.1.20]
2024-05-28 23:25:26 INFO  o.a.c.c.C.[Tomcat].[localhost].[/] - Initializing Spring embedded WebApplicationContext
2024-05-28 23:25:26 INFO  o.s.b.w.s.c.ServletWebServerApplicationContext - Root WebApplicationContext: initialization completed in 2053 ms
2024-05-28 23:25:26 INFO  o.h.jpa.internal.util.LogHelper - HHH000204: Processing PersistenceUnitInfo [name: default]
2024-05-28 23:25:26 INFO  org.hibernate.Version - HHH000412: Hibernate ORM core version 6.4.4.Final
2024-05-28 23:25:26 INFO  o.h.c.i.RegionFactoryInitiator - HHH000026: Second-level cache disabled
2024-05-28 23:25:27 INFO  com.zaxxer.hikari.HikariDataSource - HikariPool-1 - Starting...
2024-05-28 23:25:27 INFO  com.zaxxer.hikari.pool.HikariPool - HikariPool-1 - Added connection org.postgresql.jdbc.PgConnection@475c7e2d
2024-05-28 23:25:27 INFO  com.zaxxer.hikari.HikariDataSource - HikariPool-1 - Start completed.
2024-05-28 23:25:27 INFO  o.s.o.j.p.SpringPersistenceUnitInfo - No LoadTimeWeaver setup: ignoring JPA class transformer
2024-05-28 23:25:28 INFO  o.h.e.t.j.p.i.JtaPlatformInitiator - HHH000489: No JTA platform available (set 'hibernate.transaction.jta.platform' to enable JTA platform integration)
2024-05-28 23:25:28 INFO  o.s.o.j.LocalContainerEntityManagerFactoryBean - Initialized JPA EntityManagerFactory for persistence unit 'default'
2024-05-28 23:25:29 INFO  o.s.d.j.r.query.QueryEnhancerFactory - Hibernate is in classpath; If applicable, HQL parser will be used.
2024-05-28 23:25:30 WARN  o.s.b.a.o.j.JpaBaseConfiguration$JpaWebConfiguration - spring.jpa.open-in-view is enabled by default. Therefore, database queries may be performed during view rendering. Explicitly configure spring.jpa.open-in-view to disable this warning
2024-05-28 23:25:30 INFO  o.s.b.d.a.OptionalLiveReloadServer - LiveReload server is running on port 35729
2024-05-28 23:25:30 INFO  o.a.coyote.http11.Http11NioProtocol - Starting ProtocolHandler ["http-nio-8080"]
2024-05-28 23:25:30 INFO  o.s.b.w.e.tomcat.TomcatWebServer - Tomcat started on port 8080 (http) with context path ''
2024-05-28 23:25:30 INFO  c.r.alya.RemigesAlyaApplication - Started RemigesAlyaApplication in 6.982 seconds (process running for 7.628)
2024-05-28 23:25:31 INFO  com.remiges.alya.jobs.SlowQuery - Submitted job with request ID: bf984798-0241-4583-9119-28f9e284530f
2024-05-28 23:25:31 INFO  com.remiges.alya.jobs.SlowQuery - Batch with request ID bf984798-0241-4583-9119-28f9e284530f aborted successfully.
2024-05-28 23:25:31 INFO  com.remiges.alya.jobs.SlowQuery - Retrieving slow queries from repository for app: TestApp, op: TestOp, and age: 1
2024-05-28 23:25:31 INFO  com.remiges.alya.jobs.SlowQuery - Retrieved 2 batches from the repository.2024-05-27T23:25:31.278897400
2024-05-28 23:25:31 INFO  com.remiges.alya.jobs.SlowQuery - Finished processing slow queries.
